<?xml version="1.0" encoding="UTF-8"?>
<!-- Generated by org.testng.reporters.JUnitReportReporter -->
<testsuite hostname="mypc-PC" name="DSTPS.Automation.Google_Automation.runners.GoogleFeature_TestRunner" tests="1" failures="0" timestamp="3 Aug 2019 17:35:58 GMT" time="18.787" errors="0">
  <testcase name="feature" time="18.787" classname="DSTPS.Automation.Google_Automation.runners.GoogleFeature_TestRunner"/>
</testsuite> <!-- DSTPS.Automation.Google_Automation.runners.GoogleFeature_TestRunner -->
