<?xml version="1.0" encoding="UTF-8"?>
<!-- Generated by org.testng.reporters.JUnitReportReporter -->
<testsuite hostname="DTHP1073" name="DSTPS.Automation.HybridDesktop.PM_CustomGroup_Automation.runners.PM_CustomGroupFeature_TestRunner" tests="1" failures="0" timestamp="5 Dec 2018 13:13:26 GMT" time="87.657" errors="0">
  <testcase name="feature" time="87.657" classname="DSTPS.Automation.HybridDesktop.PM_CustomGroup_Automation.runners.PM_CustomGroupFeature_TestRunner"/>
</testsuite> <!-- DSTPS.Automation.HybridDesktop.PM_CustomGroup_Automation.runners.PM_CustomGroupFeature_TestRunner -->
