<?xml version="1.0" encoding="UTF-8"?>
<!-- Generated by org.testng.reporters.JUnitReportReporter -->
<testsuite hostname="DTHP1073" name="DSTPS.Automation.HybridDesktop.PM_Relationship_Automation.runners.PM_RelationshipFeature_TestRunner" tests="1" failures="0" timestamp="11 Dec 2018 11:36:13 GMT" time="98.575" errors="0">
  <testcase name="feature" time="98.575" classname="DSTPS.Automation.HybridDesktop.PM_Relationship_Automation.runners.PM_RelationshipFeature_TestRunner"/>
</testsuite> <!-- DSTPS.Automation.HybridDesktop.PM_Relationship_Automation.runners.PM_RelationshipFeature_TestRunner -->
