<?xml version="1.0" encoding="UTF-8"?>
<!-- Generated by org.testng.reporters.JUnitReportReporter -->
<testsuite hostname="DTHP1073" name="DSTPS.Automation.HybridDesktop.PM_NonNCPDP_Automation.runners.PM_NonNCPDPFeature_TestRunner" tests="1" failures="0" timestamp="11 Dec 2018 10:06:53 GMT" time="167.361" errors="0">
  <testcase name="feature" time="167.361" classname="DSTPS.Automation.HybridDesktop.PM_NonNCPDP_Automation.runners.PM_NonNCPDPFeature_TestRunner"/>
</testsuite> <!-- DSTPS.Automation.HybridDesktop.PM_NonNCPDP_Automation.runners.PM_NonNCPDPFeature_TestRunner -->
