<?xml version="1.0" encoding="UTF-8"?>
<!-- Generated by org.testng.reporters.JUnitReportReporter -->
<testsuite hostname="DTHP1073" name="DSTPS.Automation.HybridDesktop.PM_RAR_Automation.runners.PM_RARFeature_TestRunner" tests="1" failures="0" timestamp="12 Dec 2018 09:31:52 GMT" time="114.273" errors="0">
  <testcase name="feature" time="114.273" classname="DSTPS.Automation.HybridDesktop.PM_RAR_Automation.runners.PM_RARFeature_TestRunner"/>
</testsuite> <!-- DSTPS.Automation.HybridDesktop.PM_RAR_Automation.runners.PM_RARFeature_TestRunner -->
