<?xml version="1.0" encoding="UTF-8"?>
<!-- Generated by org.testng.reporters.JUnitReportReporter -->
<testsuite hostname="DTHP1073" name="DSTPS.Automation.HybridDesktop.PM_PaymentCenter_Automation.runners.PM_PaymentCenterFeature_TestRunner" tests="1" failures="0" timestamp="11 Dec 2018 10:55:14 GMT" time="86.011" errors="0">
  <testcase name="feature" time="86.011" classname="DSTPS.Automation.HybridDesktop.PM_PaymentCenter_Automation.runners.PM_PaymentCenterFeature_TestRunner"/>
</testsuite> <!-- DSTPS.Automation.HybridDesktop.PM_PaymentCenter_Automation.runners.PM_PaymentCenterFeature_TestRunner -->
