<?xml version="1.0" encoding="UTF-8"?>
<!-- Generated by org.testng.reporters.JUnitReportReporter -->
<testsuite hostname="DTHP1073" name="DSTPS.Automation.HybridDesktop.Drug_Automation.runners.DrugFeature_TestRunner" tests="1" failures="0" timestamp="27 Dec 2018 07:30:11 GMT" time="83.490" errors="0">
  <testcase name="feature" time="83.490" classname="DSTPS.Automation.HybridDesktop.Drug_Automation.runners.DrugFeature_TestRunner"/>
</testsuite> <!-- DSTPS.Automation.HybridDesktop.Drug_Automation.runners.DrugFeature_TestRunner -->
