<?xml version="1.0" encoding="UTF-8"?>
<!-- Generated by org.testng.reporters.JUnitReportReporter -->
<testsuite hostname="DTHP1073" name="DSTPS.Automation.HybridDesktop.DURProtocols_QE_Automation.runners.DURProtocols_QuantityEditsFeature_TestRunner" tests="1" failures="0" timestamp="15 Nov 2018 10:13:33 GMT" time="201.347" errors="0">
  <testcase name="feature" time="201.347" classname="DSTPS.Automation.HybridDesktop.DURProtocols_QE_Automation.runners.DURProtocols_QuantityEditsFeature_TestRunner"/>
</testsuite> <!-- DSTPS.Automation.HybridDesktop.DURProtocols_QE_Automation.runners.DURProtocols_QuantityEditsFeature_TestRunner -->
